<?xml version="1.0" encoding="UTF-8"?>
<!-- Generated by org.testng.reporters.JUnitXMLReporter -->
<testsuite ignored="0" hostname="DESKTOP-90LHJ1B" failures="0" tests="6" name="Surefire test" time="0.385" errors="0" timestamp="2023-08-11T11:17:07 CEST">
  <testcase classname="test.OnlineShoppingSystemTest" name="testAddToCart" time="0.006"/>
  <testcase classname="test.OnlineShoppingSystemTest" name="testLoginFailure" time="0.043"/>
  <testcase classname="test.OnlineShoppingSystemTest" name="testLoginSuccess" time="0.001"/>
  <testcase classname="test.OnlineShoppingSystemTest" name="testMakePayment" time="0.008"/>
  <testcase classname="test.OnlineShoppingSystemTest" name="testSearchProduct" time="0.007"/>
  <testcase classname="test.OnlineShoppingSystemTest" name="testVerifyProductTitle" time="0.0"/>
</testsuite> <!-- Surefire test -->
