<?xml version="1.0" encoding="UTF-8"?>
<testsuite xmlns:xsi="http://www.w3.org/2001/XMLSchema-instance" xsi:schemaLocation="https://maven.apache.org/surefire/maven-surefire-plugin/xsd/surefire-test-report.xsd" name="test.OnlineShoppingSystemTest" time="3.083" tests="6" errors="0" skipped="0" failures="0">
  <properties>
[...]
</properties>
  <testcase name="testAddToCart" classname="test.OnlineShoppingSystemTest" time="0.017"/>
  <testcase name="testLoginFailure" classname="test.OnlineShoppingSystemTest" time="0.043"/>
  <testcase name="testLoginSuccess" classname="test.OnlineShoppingSystemTest" time="0.001"/>
  <testcase name="testMakePayment" classname="test.OnlineShoppingSystemTest" time="0.009"/>
  <testcase name="testSearchProduct" classname="test.OnlineShoppingSystemTest" time="0.008"/>
  <testcase name="testVerifyProductTitle" classname="test.OnlineShoppingSystemTest" time="0.001"/>
</testsuite>