<?xml version="1.0" encoding="UTF-8"?>
<testng-results ignored="0" total="6" passed="6" failed="0" skipped="0">
  <reporter-output>
  </reporter-output>
  <suite started-at="2023-08-11T11:17:06 CEST" name="Surefire suite" finished-at="2023-08-11T11:17:07 CEST" duration-ms="385">
    <groups>
    </groups>
    <test started-at="2023-08-11T11:17:06 CEST" name="Surefire test" finished-at="2023-08-11T11:17:07 CEST" duration-ms="385">
      <class name="test.OnlineShoppingSystemTest">
        <test-method is-config="true" signature="setUp()[pri:0, instance:test.OnlineShoppingSystemTest@3bae64d0]" started-at="2023-08-11T11:17:07 CEST" name="setUp" finished-at="2023-08-11T11:17:07 CEST" duration-ms="77" status="PASS">
          <reporter-output>
          </reporter-output>
        </test-method> <!-- setUp -->
        <test-method signature="testAddToCart()[pri:0, instance:test.OnlineShoppingSystemTest@3bae64d0]" started-at="2023-08-11T11:17:07 CEST" name="testAddToCart" finished-at="2023-08-11T11:17:07 CEST" duration-ms="6" status="PASS">
          <reporter-output>
          </reporter-output>
        </test-method> <!-- testAddToCart -->
        <test-method signature="testLoginFailure()[pri:0, instance:test.OnlineShoppingSystemTest@3bae64d0]" started-at="2023-08-11T11:17:07 CEST" name="testLoginFailure" finished-at="2023-08-11T11:17:07 CEST" duration-ms="43" status="PASS">
          <reporter-output>
          </reporter-output>
        </test-method> <!-- testLoginFailure -->
        <test-method signature="testLoginSuccess()[pri:0, instance:test.OnlineShoppingSystemTest@3bae64d0]" started-at="2023-08-11T11:17:07 CEST" name="testLoginSuccess" finished-at="2023-08-11T11:17:07 CEST" duration-ms="1" status="PASS">
          <reporter-output>
          </reporter-output>
        </test-method> <!-- testLoginSuccess -->
        <test-method signature="testMakePayment()[pri:0, instance:test.OnlineShoppingSystemTest@3bae64d0]" started-at="2023-08-11T11:17:07 CEST" name="testMakePayment" finished-at="2023-08-11T11:17:07 CEST" duration-ms="8" status="PASS">
          <reporter-output>
          </reporter-output>
        </test-method> <!-- testMakePayment -->
        <test-method signature="testSearchProduct()[pri:0, instance:test.OnlineShoppingSystemTest@3bae64d0]" started-at="2023-08-11T11:17:07 CEST" name="testSearchProduct" finished-at="2023-08-11T11:17:07 CEST" duration-ms="7" status="PASS">
          <reporter-output>
          </reporter-output>
        </test-method> <!-- testSearchProduct -->
        <test-method signature="testVerifyProductTitle()[pri:0, instance:test.OnlineShoppingSystemTest@3bae64d0]" started-at="2023-08-11T11:17:07 CEST" name="testVerifyProductTitle" finished-at="2023-08-11T11:17:07 CEST" duration-ms="0" status="PASS">
          <reporter-output>
          </reporter-output>
        </test-method> <!-- testVerifyProductTitle -->
      </class> <!-- test.OnlineShoppingSystemTest -->
    </test> <!-- Surefire test -->
  </suite> <!-- Surefire suite -->
</testng-results>
