<?xml version="1.0" encoding="UTF-8"?>
<testng-results ignored="0" total="1" passed="1" failed="0" skipped="0">
  <reporter-output>
  </reporter-output>
  <suite started-at="2023-06-04T10:48:59 CEST" name="Default suite" finished-at="2023-06-04T10:48:59 CEST" duration-ms="159">
    <groups>
    </groups>
    <test started-at="2023-06-04T10:48:59 CEST" name="Default test" finished-at="2023-06-04T10:48:59 CEST" duration-ms="159">
      <class name="test.TestApp">
        <test-method signature="login_test1()[pri:0, instance:test.TestApp@45b4c3a9]" started-at="2023-06-04T10:48:59 CEST" name="login_test1" finished-at="2023-06-04T10:48:59 CEST" duration-ms="29" status="PASS">
          <reporter-output>
          </reporter-output>
        </test-method> <!-- login_test1 -->
      </class> <!-- test.TestApp -->
    </test> <!-- Default test -->
  </suite> <!-- Default suite -->
</testng-results>
